<?xml version="1.0" encoding="UTF-8" ?>
<testsuite errors="0" failures="0" hostname="khalefa-VirtualBox" name="TestSkyline" tests="5" time="0.13" timestamp="2014-02-15T17:41:52">
  <properties>
    <property name="java.vendor" value="Oracle Corporation" />
    <property name="sun.java.launcher" value="SUN_STANDARD" />
    <property name="hadoop.home" value="/home/khalefa/hadoop-3.0.0-SNAPSHOT/share/hadoop" />
    <property name="sun.management.compiler" value="HotSpot 64-Bit Tiered Compilers" />
    <property name="os.name" value="Linux" />
    <property name="sun.boot.class.path" value="/usr/lib/jvm/java-7-openjdk-amd64/jre/lib/resources.jar:/usr/lib/jvm/java-7-openjdk-amd64/jre/lib/rt.jar:/usr/lib/jvm/java-7-openjdk-amd64/jre/lib/sunrsasign.jar:/usr/lib/jvm/java-7-openjdk-amd64/jre/lib/jsse.jar:/usr/lib/jvm/java-7-openjdk-amd64/jre/lib/jce.jar:/usr/lib/jvm/java-7-openjdk-amd64/jre/lib/charsets.jar:/usr/lib/jvm/java-7-openjdk-amd64/jre/lib/netx.jar:/usr/lib/jvm/java-7-openjdk-amd64/jre/lib/plugin.jar:/usr/lib/jvm/java-7-openjdk-amd64/jre/lib/rhino.jar:/usr/lib/jvm/java-7-openjdk-amd64/jre/lib/jfr.jar:/usr/lib/jvm/java-7-openjdk-amd64/jre/classes" />
    <property name="sun.desktop" value="gnome" />
    <property name="java.vm.specification.vendor" value="Oracle Corporation" />
    <property name="ant.home" value="/usr/share/ant" />
    <property name="java.runtime.version" value="1.7.0_25-b30" />
    <property name="user.name" value="khalefa" />
    <property name="ant.file.type.skyhadoop" value="file" />
    <property name="deploy.dir" value="/home/khalefa/hadoop-3.0.0-SNAPSHOT/share/hadoop/mapreduce/" />
    <property name="build.dir" value="build" />
    <property name="user.language" value="en" />
    <property name="sun.boot.library.path" value="/usr/lib/jvm/java-7-openjdk-amd64/jre/lib/amd64" />
    <property name="ant.project.default-target" value="jar" />
    <property name="ant.project.name" value="skyhadoop" />
    <property name="java.version" value="1.7.0_25" />
    <property name="user.timezone" value="" />
    <property name="sun.arch.data.model" value="64" />
    <property name="java.endorsed.dirs" value="/usr/lib/jvm/java-7-openjdk-amd64/jre/lib/endorsed" />
    <property name="sun.cpu.isalist" value="" />
    <property name="sun.jnu.encoding" value="UTF-8" />
    <property name="file.encoding.pkg" value="sun.io" />
    <property name="file.separator" value="/" />
    <property name="java.specification.name" value="Java Platform API Specification" />
    <property name="classes.dir" value="build/classes" />
    <property name="java.class.version" value="51.0" />
    <property name="user.country" value="US" />
    <property name="java.home" value="/usr/lib/jvm/java-7-openjdk-amd64/jre" />
    <property name="java.vm.info" value="mixed mode" />
    <property name="ant.file" value="/home/khalefa/hadoop/SkyHadoop/build.xml" />
    <property name="os.version" value="3.5.0-17-generic" />
    <property name="path.separator" value=":" />
    <property name="java.vm.version" value="23.7-b01" />
    <property name="report.dir" value="build/junitreport" />
    <property name="ant.library.dir" value="/usr/share/ant/lib" />
    <property name="java.awt.printerjob" value="sun.print.PSPrinterJob" />
    <property name="sun.io.unicode.encoding" value="UnicodeLittle" />
    <property name="awt.toolkit" value="sun.awt.X11.XToolkit" />
    <property name="user.home" value="/home/khalefa" />
    <property name="java.specification.vendor" value="Oracle Corporation" />
    <property name="test.dir" value="test" />
    <property name="java.library.path" value="/usr/java/packages/lib/amd64:/usr/lib/jni:/lib:/usr/lib" />
    <property name="java.vendor.url" value="http://java.oracle.com/" />
    <property name="java.vm.vendor" value="Oracle Corporation" />
    <property name="java.runtime.name" value="OpenJDK Runtime Environment" />
    <property name="sun.java.command" value="org.apache.tools.ant.taskdefs.optional.junit.JUnitTestRunner TestSkyline filtertrace=true haltOnError=false haltOnFailure=false formatter=org.apache.tools.ant.taskdefs.optional.junit.SummaryJUnitResultFormatter showoutput=true outputtoformatters=true logfailedtests=true logtestlistenerevents=false formatter=org.apache.tools.ant.taskdefs.optional.junit.XMLJUnitResultFormatter,/home/khalefa/hadoop/SkyHadoop/build/junitreport/TEST-TestSkyline.xml crashfile=/home/khalefa/hadoop/SkyHadoop/junitvmwatcher6761592032337118190.properties propsfile=/home/khalefa/hadoop/SkyHadoop/junit986385516983397448.properties" />
    <property name="java.class.path" value="/home/khalefa/hadoop-3.0.0-SNAPSHOT/share/hadoop/common/hadoop-common-3.0.0-SNAPSHOT-tests.jar:/home/khalefa/hadoop-3.0.0-SNAPSHOT/share/hadoop/common/hadoop-common-3.0.0-SNAPSHOT.jar:/home/khalefa/hadoop-3.0.0-SNAPSHOT/share/hadoop/common/hadoop-nfs-3.0.0-SNAPSHOT.jar:/home/khalefa/hadoop-3.0.0-SNAPSHOT/share/hadoop/common/lib/activation-1.1.jar:/home/khalefa/hadoop-3.0.0-SNAPSHOT/share/hadoop/common/lib/asm-3.2.jar:/home/khalefa/hadoop-3.0.0-SNAPSHOT/share/hadoop/common/lib/avro-1.7.4.jar:/home/khalefa/hadoop-3.0.0-SNAPSHOT/share/hadoop/common/lib/commons-beanutils-1.7.0.jar:/home/khalefa/hadoop-3.0.0-SNAPSHOT/share/hadoop/common/lib/commons-beanutils-core-1.8.0.jar:/home/khalefa/hadoop-3.0.0-SNAPSHOT/share/hadoop/common/lib/commons-cli-1.2.jar:/home/khalefa/hadoop-3.0.0-SNAPSHOT/share/hadoop/common/lib/commons-codec-1.4.jar:/home/khalefa/hadoop-3.0.0-SNAPSHOT/share/hadoop/common/lib/commons-collections-3.2.1.jar:/home/khalefa/hadoop-3.0.0-SNAPSHOT/share/hadoop/common/lib/commons-compress-1.4.1.jar:/home/khalefa/hadoop-3.0.0-SNAPSHOT/share/hadoop/common/lib/commons-configuration-1.6.jar:/home/khalefa/hadoop-3.0.0-SNAPSHOT/share/hadoop/common/lib/commons-digester-1.8.jar:/home/khalefa/hadoop-3.0.0-SNAPSHOT/share/hadoop/common/lib/commons-el-1.0.jar:/home/khalefa/hadoop-3.0.0-SNAPSHOT/share/hadoop/common/lib/commons-httpclient-3.1.jar:/home/khalefa/hadoop-3.0.0-SNAPSHOT/share/hadoop/common/lib/commons-io-2.4.jar:/home/khalefa/hadoop-3.0.0-SNAPSHOT/share/hadoop/common/lib/commons-lang-2.6.jar:/home/khalefa/hadoop-3.0.0-SNAPSHOT/share/hadoop/common/lib/commons-logging-1.1.3.jar:/home/khalefa/hadoop-3.0.0-SNAPSHOT/share/hadoop/common/lib/commons-math3-3.1.1.jar:/home/khalefa/hadoop-3.0.0-SNAPSHOT/share/hadoop/common/lib/commons-net-3.1.jar:/home/khalefa/hadoop-3.0.0-SNAPSHOT/share/hadoop/common/lib/gson-2.2.4.jar:/home/khalefa/hadoop-3.0.0-SNAPSHOT/share/hadoop/common/lib/guava-11.0.2.jar:/home/khalefa/hadoop-3.0.0-SNAPSHOT/share/hadoop/common/lib/hadoop-annotations-3.0.0-SNAPSHOT.jar:/home/khalefa/hadoop-3.0.0-SNAPSHOT/share/hadoop/common/lib/hadoop-auth-3.0.0-SNAPSHOT.jar:/home/khalefa/hadoop-3.0.0-SNAPSHOT/share/hadoop/common/lib/httpclient-4.2.5.jar:/home/khalefa/hadoop-3.0.0-SNAPSHOT/share/hadoop/common/lib/httpcore-4.2.5.jar:/home/khalefa/hadoop-3.0.0-SNAPSHOT/share/hadoop/common/lib/jackson-core-asl-1.8.8.jar:/home/khalefa/hadoop-3.0.0-SNAPSHOT/share/hadoop/common/lib/jackson-jaxrs-1.8.8.jar:/home/khalefa/hadoop-3.0.0-SNAPSHOT/share/hadoop/common/lib/jackson-mapper-asl-1.8.8.jar:/home/khalefa/hadoop-3.0.0-SNAPSHOT/share/hadoop/common/lib/jackson-xc-1.8.8.jar:/home/khalefa/hadoop-3.0.0-SNAPSHOT/share/hadoop/common/lib/jasper-compiler-5.5.23.jar:/home/khalefa/hadoop-3.0.0-SNAPSHOT/share/hadoop/common/lib/jasper-runtime-5.5.23.jar:/home/khalefa/hadoop-3.0.0-SNAPSHOT/share/hadoop/common/lib/java-xmlbuilder-0.4.jar:/home/khalefa/hadoop-3.0.0-SNAPSHOT/share/hadoop/common/lib/jaxb-api-2.2.2.jar:/home/khalefa/hadoop-3.0.0-SNAPSHOT/share/hadoop/common/lib/jaxb-impl-2.2.3-1.jar:/home/khalefa/hadoop-3.0.0-SNAPSHOT/share/hadoop/common/lib/jersey-core-1.9.jar:/home/khalefa/hadoop-3.0.0-SNAPSHOT/share/hadoop/common/lib/jersey-json-1.9.jar:/home/khalefa/hadoop-3.0.0-SNAPSHOT/share/hadoop/common/lib/jersey-server-1.9.jar:/home/khalefa/hadoop-3.0.0-SNAPSHOT/share/hadoop/common/lib/jets3t-0.9.0.jar:/home/khalefa/hadoop-3.0.0-SNAPSHOT/share/hadoop/common/lib/jettison-1.1.jar:/home/khalefa/hadoop-3.0.0-SNAPSHOT/share/hadoop/common/lib/jetty-6.1.26.jar:/home/khalefa/hadoop-3.0.0-SNAPSHOT/share/hadoop/common/lib/jetty-util-6.1.26.jar:/home/khalefa/hadoop-3.0.0-SNAPSHOT/share/hadoop/common/lib/jsch-0.1.42.jar:/home/khalefa/hadoop-3.0.0-SNAPSHOT/share/hadoop/common/lib/jsp-api-2.1.jar:/home/khalefa/hadoop-3.0.0-SNAPSHOT/share/hadoop/common/lib/jsr305-1.3.9.jar:/home/khalefa/hadoop-3.0.0-SNAPSHOT/share/hadoop/common/lib/junit-4.8.2.jar:/home/khalefa/hadoop-3.0.0-SNAPSHOT/share/hadoop/common/lib/log4j-1.2.17.jar:/home/khalefa/hadoop-3.0.0-SNAPSHOT/share/hadoop/common/lib/mockito-all-1.8.5.jar:/home/khalefa/hadoop-3.0.0-SNAPSHOT/share/hadoop/common/lib/netty-3.6.2.Final.jar:/home/khalefa/hadoop-3.0.0-SNAPSHOT/share/hadoop/common/lib/paranamer-2.3.jar:/home/khalefa/hadoop-3.0.0-SNAPSHOT/share/hadoop/common/lib/protobuf-java-2.5.0.jar:/home/khalefa/hadoop-3.0.0-SNAPSHOT/share/hadoop/common/lib/servlet-api-2.5.jar:/home/khalefa/hadoop-3.0.0-SNAPSHOT/share/hadoop/common/lib/slf4j-api-1.7.5.jar:/home/khalefa/hadoop-3.0.0-SNAPSHOT/share/hadoop/common/lib/slf4j-log4j12-1.7.5.jar:/home/khalefa/hadoop-3.0.0-SNAPSHOT/share/hadoop/common/lib/snappy-java-1.0.4.1.jar:/home/khalefa/hadoop-3.0.0-SNAPSHOT/share/hadoop/common/lib/stax-api-1.0.1.jar:/home/khalefa/hadoop-3.0.0-SNAPSHOT/share/hadoop/common/lib/xmlenc-0.52.jar:/home/khalefa/hadoop-3.0.0-SNAPSHOT/share/hadoop/common/lib/xz-1.0.jar:/home/khalefa/hadoop-3.0.0-SNAPSHOT/share/hadoop/common/lib/zookeeper-3.4.5.jar:/home/khalefa/hadoop-3.0.0-SNAPSHOT/share/hadoop/common/sources/hadoop-common-3.0.0-SNAPSHOT-sources.jar:/home/khalefa/hadoop-3.0.0-SNAPSHOT/share/hadoop/common/sources/hadoop-common-3.0.0-SNAPSHOT-test-sources.jar:/home/khalefa/hadoop-3.0.0-SNAPSHOT/share/hadoop/hdfs/hadoop-hdfs-3.0.0-SNAPSHOT-tests.jar:/home/khalefa/hadoop-3.0.0-SNAPSHOT/share/hadoop/hdfs/hadoop-hdfs-3.0.0-SNAPSHOT.jar:/home/khalefa/hadoop-3.0.0-SNAPSHOT/share/hadoop/hdfs/hadoop-hdfs-nfs-3.0.0-SNAPSHOT.jar:/home/khalefa/hadoop-3.0.0-SNAPSHOT/share/hadoop/hdfs/lib/asm-3.2.jar:/home/khalefa/hadoop-3.0.0-SNAPSHOT/share/hadoop/hdfs/lib/commons-cli-1.2.jar:/home/khalefa/hadoop-3.0.0-SNAPSHOT/share/hadoop/hdfs/lib/commons-codec-1.4.jar:/home/khalefa/hadoop-3.0.0-SNAPSHOT/share/hadoop/hdfs/lib/commons-daemon-1.0.13.jar:/home/khalefa/hadoop-3.0.0-SNAPSHOT/share/hadoop/hdfs/lib/commons-el-1.0.jar:/home/khalefa/hadoop-3.0.0-SNAPSHOT/share/hadoop/hdfs/lib/commons-io-2.4.jar:/home/khalefa/hadoop-3.0.0-SNAPSHOT/share/hadoop/hdfs/lib/commons-lang-2.6.jar:/home/khalefa/hadoop-3.0.0-SNAPSHOT/share/hadoop/hdfs/lib/commons-logging-1.1.3.jar:/home/khalefa/hadoop-3.0.0-SNAPSHOT/share/hadoop/hdfs/lib/guava-11.0.2.jar:/home/khalefa/hadoop-3.0.0-SNAPSHOT/share/hadoop/hdfs/lib/jackson-core-asl-1.8.8.jar:/home/khalefa/hadoop-3.0.0-SNAPSHOT/share/hadoop/hdfs/lib/jackson-mapper-asl-1.8.8.jar:/home/khalefa/hadoop-3.0.0-SNAPSHOT/share/hadoop/hdfs/lib/jasper-runtime-5.5.23.jar:/home/khalefa/hadoop-3.0.0-SNAPSHOT/share/hadoop/hdfs/lib/jersey-core-1.9.jar:/home/khalefa/hadoop-3.0.0-SNAPSHOT/share/hadoop/hdfs/lib/jersey-server-1.9.jar:/home/khalefa/hadoop-3.0.0-SNAPSHOT/share/hadoop/hdfs/lib/jetty-6.1.26.jar:/home/khalefa/hadoop-3.0.0-SNAPSHOT/share/hadoop/hdfs/lib/jetty-util-6.1.26.jar:/home/khalefa/hadoop-3.0.0-SNAPSHOT/share/hadoop/hdfs/lib/jsp-api-2.1.jar:/home/khalefa/hadoop-3.0.0-SNAPSHOT/share/hadoop/hdfs/lib/jsr305-1.3.9.jar:/home/khalefa/hadoop-3.0.0-SNAPSHOT/share/hadoop/hdfs/lib/log4j-1.2.17.jar:/home/khalefa/hadoop-3.0.0-SNAPSHOT/share/hadoop/hdfs/lib/netty-3.6.2.Final.jar:/home/khalefa/hadoop-3.0.0-SNAPSHOT/share/hadoop/hdfs/lib/protobuf-java-2.5.0.jar:/home/khalefa/hadoop-3.0.0-SNAPSHOT/share/hadoop/hdfs/lib/servlet-api-2.5.jar:/home/khalefa/hadoop-3.0.0-SNAPSHOT/share/hadoop/hdfs/lib/xmlenc-0.52.jar:/home/khalefa/hadoop-3.0.0-SNAPSHOT/share/hadoop/hdfs/sources/hadoop-hdfs-3.0.0-SNAPSHOT-sources.jar:/home/khalefa/hadoop-3.0.0-SNAPSHOT/share/hadoop/hdfs/sources/hadoop-hdfs-3.0.0-SNAPSHOT-test-sources.jar:/home/khalefa/hadoop-3.0.0-SNAPSHOT/share/hadoop/httpfs/tomcat/bin/bootstrap.jar:/home/khalefa/hadoop-3.0.0-SNAPSHOT/share/hadoop/httpfs/tomcat/bin/commons-daemon.jar:/home/khalefa/hadoop-3.0.0-SNAPSHOT/share/hadoop/httpfs/tomcat/bin/tomcat-juli.jar:/home/khalefa/hadoop-3.0.0-SNAPSHOT/share/hadoop/httpfs/tomcat/lib/annotations-api.jar:/home/khalefa/hadoop-3.0.0-SNAPSHOT/share/hadoop/httpfs/tomcat/lib/catalina-ant.jar:/home/khalefa/hadoop-3.0.0-SNAPSHOT/share/hadoop/httpfs/tomcat/lib/catalina-ha.jar:/home/khalefa/hadoop-3.0.0-SNAPSHOT/share/hadoop/httpfs/tomcat/lib/catalina-tribes.jar:/home/khalefa/hadoop-3.0.0-SNAPSHOT/share/hadoop/httpfs/tomcat/lib/catalina.jar:/home/khalefa/hadoop-3.0.0-SNAPSHOT/share/hadoop/httpfs/tomcat/lib/ecj-3.7.2.jar:/home/khalefa/hadoop-3.0.0-SNAPSHOT/share/hadoop/httpfs/tomcat/lib/el-api.jar:/home/khalefa/hadoop-3.0.0-SNAPSHOT/share/hadoop/httpfs/tomcat/lib/jasper-el.jar:/home/khalefa/hadoop-3.0.0-SNAPSHOT/share/hadoop/httpfs/tomcat/lib/jasper.jar:/home/khalefa/hadoop-3.0.0-SNAPSHOT/share/hadoop/httpfs/tomcat/lib/jsp-api.jar:/home/khalefa/hadoop-3.0.0-SNAPSHOT/share/hadoop/httpfs/tomcat/lib/servlet-api.jar:/home/khalefa/hadoop-3.0.0-SNAPSHOT/share/hadoop/httpfs/tomcat/lib/tomcat-coyote.jar:/home/khalefa/hadoop-3.0.0-SNAPSHOT/share/hadoop/httpfs/tomcat/lib/tomcat-dbcp.jar:/home/khalefa/hadoop-3.0.0-SNAPSHOT/share/hadoop/httpfs/tomcat/lib/tomcat-i18n-es.jar:/home/khalefa/hadoop-3.0.0-SNAPSHOT/share/hadoop/httpfs/tomcat/lib/tomcat-i18n-fr.jar:/home/khalefa/hadoop-3.0.0-SNAPSHOT/share/hadoop/httpfs/tomcat/lib/tomcat-i18n-ja.jar:/home/khalefa/hadoop-3.0.0-SNAPSHOT/share/hadoop/httpfs/tomcat/webapps/webhdfs/WEB-INF/lib/activation-1.1.jar:/home/khalefa/hadoop-3.0.0-SNAPSHOT/share/hadoop/httpfs/tomcat/webapps/webhdfs/WEB-INF/lib/asm-3.2.jar:/home/khalefa/hadoop-3.0.0-SNAPSHOT/share/hadoop/httpfs/tomcat/webapps/webhdfs/WEB-INF/lib/avro-1.7.4.jar:/home/khalefa/hadoop-3.0.0-SNAPSHOT/share/hadoop/httpfs/tomcat/webapps/webhdfs/WEB-INF/lib/commons-beanutils-1.7.0.jar:/home/khalefa/hadoop-3.0.0-SNAPSHOT/share/hadoop/httpfs/tomcat/webapps/webhdfs/WEB-INF/lib/commons-beanutils-core-1.8.0.jar:/home/khalefa/hadoop-3.0.0-SNAPSHOT/share/hadoop/httpfs/tomcat/webapps/webhdfs/WEB-INF/lib/commons-cli-1.2.jar:/home/khalefa/hadoop-3.0.0-SNAPSHOT/share/hadoop/httpfs/tomcat/webapps/webhdfs/WEB-INF/lib/commons-codec-1.4.jar:/home/khalefa/hadoop-3.0.0-SNAPSHOT/share/hadoop/httpfs/tomcat/webapps/webhdfs/WEB-INF/lib/commons-collections-3.2.1.jar:/home/khalefa/hadoop-3.0.0-SNAPSHOT/share/hadoop/httpfs/tomcat/webapps/webhdfs/WEB-INF/lib/commons-compress-1.4.1.jar:/home/khalefa/hadoop-3.0.0-SNAPSHOT/share/hadoop/httpfs/tomcat/webapps/webhdfs/WEB-INF/lib/commons-configuration-1.6.jar:/home/khalefa/hadoop-3.0.0-SNAPSHOT/share/hadoop/httpfs/tomcat/webapps/webhdfs/WEB-INF/lib/commons-daemon-1.0.13.jar:/home/khalefa/hadoop-3.0.0-SNAPSHOT/share/hadoop/httpfs/tomcat/webapps/webhdfs/WEB-INF/lib/commons-digester-1.8.jar:/home/khalefa/hadoop-3.0.0-SNAPSHOT/share/hadoop/httpfs/tomcat/webapps/webhdfs/WEB-INF/lib/commons-io-2.4.jar:/home/khalefa/hadoop-3.0.0-SNAPSHOT/share/hadoop/httpfs/tomcat/webapps/webhdfs/WEB-INF/lib/commons-lang-2.6.jar:/home/khalefa/hadoop-3.0.0-SNAPSHOT/share/hadoop/httpfs/tomcat/webapps/webhdfs/WEB-INF/lib/commons-logging-1.1.3.jar:/home/khalefa/hadoop-3.0.0-SNAPSHOT/share/hadoop/httpfs/tomcat/webapps/webhdfs/WEB-INF/lib/commons-math3-3.1.1.jar:/home/khalefa/hadoop-3.0.0-SNAPSHOT/share/hadoop/httpfs/tomcat/webapps/webhdfs/WEB-INF/lib/commons-net-3.1.jar:/home/khalefa/hadoop-3.0.0-SNAPSHOT/share/hadoop/httpfs/tomcat/webapps/webhdfs/WEB-INF/lib/gson-2.2.4.jar:/home/khalefa/hadoop-3.0.0-SNAPSHOT/share/hadoop/httpfs/tomcat/webapps/webhdfs/WEB-INF/lib/guava-11.0.2.jar:/home/khalefa/hadoop-3.0.0-SNAPSHOT/share/hadoop/httpfs/tomcat/webapps/webhdfs/WEB-INF/lib/hadoop-annotations-3.0.0-SNAPSHOT.jar:/home/khalefa/hadoop-3.0.0-SNAPSHOT/share/hadoop/httpfs/tomcat/webapps/webhdfs/WEB-INF/lib/hadoop-auth-3.0.0-SNAPSHOT.jar:/home/khalefa/hadoop-3.0.0-SNAPSHOT/share/hadoop/httpfs/tomcat/webapps/webhdfs/WEB-INF/lib/hadoop-common-3.0.0-SNAPSHOT.jar:/home/khalefa/hadoop-3.0.0-SNAPSHOT/share/hadoop/httpfs/tomcat/webapps/webhdfs/WEB-INF/lib/hadoop-hdfs-3.0.0-SNAPSHOT.jar:/home/khalefa/hadoop-3.0.0-SNAPSHOT/share/hadoop/httpfs/tomcat/webapps/webhdfs/WEB-INF/lib/httpclient-4.2.5.jar:/home/khalefa/hadoop-3.0.0-SNAPSHOT/share/hadoop/httpfs/tomcat/webapps/webhdfs/WEB-INF/lib/httpcore-4.2.5.jar:/home/khalefa/hadoop-3.0.0-SNAPSHOT/share/hadoop/httpfs/tomcat/webapps/webhdfs/WEB-INF/lib/jackson-core-asl-1.8.8.jar:/home/khalefa/hadoop-3.0.0-SNAPSHOT/share/hadoop/httpfs/tomcat/webapps/webhdfs/WEB-INF/lib/jackson-jaxrs-1.8.8.jar:/home/khalefa/hadoop-3.0.0-SNAPSHOT/share/hadoop/httpfs/tomcat/webapps/webhdfs/WEB-INF/lib/jackson-mapper-asl-1.8.8.jar:/home/khalefa/hadoop-3.0.0-SNAPSHOT/share/hadoop/httpfs/tomcat/webapps/webhdfs/WEB-INF/lib/jackson-xc-1.8.8.jar:/home/khalefa/hadoop-3.0.0-SNAPSHOT/share/hadoop/httpfs/tomcat/webapps/webhdfs/WEB-INF/lib/jaxb-api-2.2.2.jar:/home/khalefa/hadoop-3.0.0-SNAPSHOT/share/hadoop/httpfs/tomcat/webapps/webhdfs/WEB-INF/lib/jaxb-impl-2.2.3-1.jar:/home/khalefa/hadoop-3.0.0-SNAPSHOT/share/hadoop/httpfs/tomcat/webapps/webhdfs/WEB-INF/lib/jersey-core-1.9.jar:/home/khalefa/hadoop-3.0.0-SNAPSHOT/share/hadoop/httpfs/tomcat/webapps/webhdfs/WEB-INF/lib/jersey-json-1.9.jar:/home/khalefa/hadoop-3.0.0-SNAPSHOT/share/hadoop/httpfs/tomcat/webapps/webhdfs/WEB-INF/lib/jersey-server-1.9.jar:/home/khalefa/hadoop-3.0.0-SNAPSHOT/share/hadoop/httpfs/tomcat/webapps/webhdfs/WEB-INF/lib/jettison-1.1.jar:/home/khalefa/hadoop-3.0.0-SNAPSHOT/share/hadoop/httpfs/tomcat/webapps/webhdfs/WEB-INF/lib/jsch-0.1.42.jar:/home/khalefa/hadoop-3.0.0-SNAPSHOT/share/hadoop/httpfs/tomcat/webapps/webhdfs/WEB-INF/lib/json-simple-1.1.jar:/home/khalefa/hadoop-3.0.0-SNAPSHOT/share/hadoop/httpfs/tomcat/webapps/webhdfs/WEB-INF/lib/jsr305-1.3.9.jar:/home/khalefa/hadoop-3.0.0-SNAPSHOT/share/hadoop/httpfs/tomcat/webapps/webhdfs/WEB-INF/lib/log4j-1.2.17.jar:/home/khalefa/hadoop-3.0.0-SNAPSHOT/share/hadoop/httpfs/tomcat/webapps/webhdfs/WEB-INF/lib/paranamer-2.3.jar:/home/khalefa/hadoop-3.0.0-SNAPSHOT/share/hadoop/httpfs/tomcat/webapps/webhdfs/WEB-INF/lib/protobuf-java-2.5.0.jar:/home/khalefa/hadoop-3.0.0-SNAPSHOT/share/hadoop/httpfs/tomcat/webapps/webhdfs/WEB-INF/lib/slf4j-api-1.7.5.jar:/home/khalefa/hadoop-3.0.0-SNAPSHOT/share/hadoop/httpfs/tomcat/webapps/webhdfs/WEB-INF/lib/slf4j-log4j12-1.7.5.jar:/home/khalefa/hadoop-3.0.0-SNAPSHOT/share/hadoop/httpfs/tomcat/webapps/webhdfs/WEB-INF/lib/snappy-java-1.0.4.1.jar:/home/khalefa/hadoop-3.0.0-SNAPSHOT/share/hadoop/httpfs/tomcat/webapps/webhdfs/WEB-INF/lib/stax-api-1.0.1.jar:/home/khalefa/hadoop-3.0.0-SNAPSHOT/share/hadoop/httpfs/tomcat/webapps/webhdfs/WEB-INF/lib/xmlenc-0.52.jar:/home/khalefa/hadoop-3.0.0-SNAPSHOT/share/hadoop/httpfs/tomcat/webapps/webhdfs/WEB-INF/lib/xz-1.0.jar:/home/khalefa/hadoop-3.0.0-SNAPSHOT/share/hadoop/httpfs/tomcat/webapps/webhdfs/WEB-INF/lib/zookeeper-3.4.5.jar:/home/khalefa/hadoop-3.0.0-SNAPSHOT/share/hadoop/mapreduce/hadoop-mapreduce-client-app-3.0.0-SNAPSHOT.jar:/home/khalefa/hadoop-3.0.0-SNAPSHOT/share/hadoop/mapreduce/hadoop-mapreduce-client-common-3.0.0-SNAPSHOT.jar:/home/khalefa/hadoop-3.0.0-SNAPSHOT/share/hadoop/mapreduce/hadoop-mapreduce-client-core-3.0.0-SNAPSHOT.jar:/home/khalefa/hadoop-3.0.0-SNAPSHOT/share/hadoop/mapreduce/hadoop-mapreduce-client-hs-3.0.0-SNAPSHOT.jar:/home/khalefa/hadoop-3.0.0-SNAPSHOT/share/hadoop/mapreduce/hadoop-mapreduce-client-hs-plugins-3.0.0-SNAPSHOT.jar:/home/khalefa/hadoop-3.0.0-SNAPSHOT/share/hadoop/mapreduce/hadoop-mapreduce-client-jobclient-3.0.0-SNAPSHOT-tests.jar:/home/khalefa/hadoop-3.0.0-SNAPSHOT/share/hadoop/mapreduce/hadoop-mapreduce-client-jobclient-3.0.0-SNAPSHOT.jar:/home/khalefa/hadoop-3.0.0-SNAPSHOT/share/hadoop/mapreduce/hadoop-mapreduce-client-shuffle-3.0.0-SNAPSHOT.jar:/home/khalefa/hadoop-3.0.0-SNAPSHOT/share/hadoop/mapreduce/hadoop-mapreduce-examples-3.0.0-SNAPSHOT.jar:/home/khalefa/hadoop-3.0.0-SNAPSHOT/share/hadoop/mapreduce/lib-examples/hsqldb-2.0.0.jar:/home/khalefa/hadoop-3.0.0-SNAPSHOT/share/hadoop/mapreduce/lib/aopalliance-1.0.jar:/home/khalefa/hadoop-3.0.0-SNAPSHOT/share/hadoop/mapreduce/lib/asm-3.2.jar:/home/khalefa/hadoop-3.0.0-SNAPSHOT/share/hadoop/mapreduce/lib/avro-1.7.4.jar:/home/khalefa/hadoop-3.0.0-SNAPSHOT/share/hadoop/mapreduce/lib/commons-compress-1.4.1.jar:/home/khalefa/hadoop-3.0.0-SNAPSHOT/share/hadoop/mapreduce/lib/commons-io-2.4.jar:/home/khalefa/hadoop-3.0.0-SNAPSHOT/share/hadoop/mapreduce/lib/guice-3.0.jar:/home/khalefa/hadoop-3.0.0-SNAPSHOT/share/hadoop/mapreduce/lib/guice-servlet-3.0.jar:/home/khalefa/hadoop-3.0.0-SNAPSHOT/share/hadoop/mapreduce/lib/hadoop-annotations-3.0.0-SNAPSHOT.jar:/home/khalefa/hadoop-3.0.0-SNAPSHOT/share/hadoop/mapreduce/lib/hamcrest-core-1.1.jar:/home/khalefa/hadoop-3.0.0-SNAPSHOT/share/hadoop/mapreduce/lib/jackson-core-asl-1.8.8.jar:/home/khalefa/hadoop-3.0.0-SNAPSHOT/share/hadoop/mapreduce/lib/jackson-mapper-asl-1.8.8.jar:/home/khalefa/hadoop-3.0.0-SNAPSHOT/share/hadoop/mapreduce/lib/javax.inject-1.jar:/home/khalefa/hadoop-3.0.0-SNAPSHOT/share/hadoop/mapreduce/lib/jersey-core-1.9.jar:/home/khalefa/hadoop-3.0.0-SNAPSHOT/share/hadoop/mapreduce/lib/jersey-guice-1.9.jar:/home/khalefa/hadoop-3.0.0-SNAPSHOT/share/hadoop/mapreduce/lib/jersey-server-1.9.jar:/home/khalefa/hadoop-3.0.0-SNAPSHOT/share/hadoop/mapreduce/lib/junit-4.10.jar:/home/khalefa/hadoop-3.0.0-SNAPSHOT/share/hadoop/mapreduce/lib/log4j-1.2.17.jar:/home/khalefa/hadoop-3.0.0-SNAPSHOT/share/hadoop/mapreduce/lib/netty-3.6.2.Final.jar:/home/khalefa/hadoop-3.0.0-SNAPSHOT/share/hadoop/mapreduce/lib/paranamer-2.3.jar:/home/khalefa/hadoop-3.0.0-SNAPSHOT/share/hadoop/mapreduce/lib/protobuf-java-2.5.0.jar:/home/khalefa/hadoop-3.0.0-SNAPSHOT/share/hadoop/mapreduce/lib/snappy-java-1.0.4.1.jar:/home/khalefa/hadoop-3.0.0-SNAPSHOT/share/hadoop/mapreduce/lib/xz-1.0.jar:/home/khalefa/hadoop-3.0.0-SNAPSHOT/share/hadoop/mapreduce/skyhadoop.jar:/home/khalefa/hadoop-3.0.0-SNAPSHOT/share/hadoop/mapreduce/sources/hadoop-mapreduce-client-app-3.0.0-SNAPSHOT-sources.jar:/home/khalefa/hadoop-3.0.0-SNAPSHOT/share/hadoop/mapreduce/sources/hadoop-mapreduce-client-app-3.0.0-SNAPSHOT-test-sources.jar:/home/khalefa/hadoop-3.0.0-SNAPSHOT/share/hadoop/mapreduce/sources/hadoop-mapreduce-client-common-3.0.0-SNAPSHOT-sources.jar:/home/khalefa/hadoop-3.0.0-SNAPSHOT/share/hadoop/mapreduce/sources/hadoop-mapreduce-client-common-3.0.0-SNAPSHOT-test-sources.jar:/home/khalefa/hadoop-3.0.0-SNAPSHOT/share/hadoop/mapreduce/sources/hadoop-mapreduce-client-core-3.0.0-SNAPSHOT-sources.jar:/home/khalefa/hadoop-3.0.0-SNAPSHOT/share/hadoop/mapreduce/sources/hadoop-mapreduce-client-core-3.0.0-SNAPSHOT-test-sources.jar:/home/khalefa/hadoop-3.0.0-SNAPSHOT/share/hadoop/mapreduce/sources/hadoop-mapreduce-client-hs-3.0.0-SNAPSHOT-sources.jar:/home/khalefa/hadoop-3.0.0-SNAPSHOT/share/hadoop/mapreduce/sources/hadoop-mapreduce-client-hs-3.0.0-SNAPSHOT-test-sources.jar:/home/khalefa/hadoop-3.0.0-SNAPSHOT/share/hadoop/mapreduce/sources/hadoop-mapreduce-client-hs-plugins-3.0.0-SNAPSHOT-sources.jar:/home/khalefa/hadoop-3.0.0-SNAPSHOT/share/hadoop/mapreduce/sources/hadoop-mapreduce-client-hs-plugins-3.0.0-SNAPSHOT-test-sources.jar:/home/khalefa/hadoop-3.0.0-SNAPSHOT/share/hadoop/mapreduce/sources/hadoop-mapreduce-client-jobclient-3.0.0-SNAPSHOT-sources.jar:/home/khalefa/hadoop-3.0.0-SNAPSHOT/share/hadoop/mapreduce/sources/hadoop-mapreduce-client-jobclient-3.0.0-SNAPSHOT-test-sources.jar:/home/khalefa/hadoop-3.0.0-SNAPSHOT/share/hadoop/mapreduce/sources/hadoop-mapreduce-client-shuffle-3.0.0-SNAPSHOT-sources.jar:/home/khalefa/hadoop-3.0.0-SNAPSHOT/share/hadoop/mapreduce/sources/hadoop-mapreduce-client-shuffle-3.0.0-SNAPSHOT-test-sources.jar:/home/khalefa/hadoop-3.0.0-SNAPSHOT/share/hadoop/mapreduce/sources/hadoop-mapreduce-examples-3.0.0-SNAPSHOT-sources.jar:/home/khalefa/hadoop-3.0.0-SNAPSHOT/share/hadoop/mapreduce/sources/hadoop-mapreduce-examples-3.0.0-SNAPSHOT-test-sources.jar:/home/khalefa/hadoop-3.0.0-SNAPSHOT/share/hadoop/tools/lib/activation-1.1.jar:/home/khalefa/hadoop-3.0.0-SNAPSHOT/share/hadoop/tools/lib/asm-3.2.jar:/home/khalefa/hadoop-3.0.0-SNAPSHOT/share/hadoop/tools/lib/avro-1.7.4.jar:/home/khalefa/hadoop-3.0.0-SNAPSHOT/share/hadoop/tools/lib/commons-beanutils-1.7.0.jar:/home/khalefa/hadoop-3.0.0-SNAPSHOT/share/hadoop/tools/lib/commons-beanutils-core-1.8.0.jar:/home/khalefa/hadoop-3.0.0-SNAPSHOT/share/hadoop/tools/lib/commons-cli-1.2.jar:/home/khalefa/hadoop-3.0.0-SNAPSHOT/share/hadoop/tools/lib/commons-codec-1.4.jar:/home/khalefa/hadoop-3.0.0-SNAPSHOT/share/hadoop/tools/lib/commons-collections-3.2.1.jar:/home/khalefa/hadoop-3.0.0-SNAPSHOT/share/hadoop/tools/lib/commons-compress-1.4.1.jar:/home/khalefa/hadoop-3.0.0-SNAPSHOT/share/hadoop/tools/lib/commons-configuration-1.6.jar:/home/khalefa/hadoop-3.0.0-SNAPSHOT/share/hadoop/tools/lib/commons-digester-1.8.jar:/home/khalefa/hadoop-3.0.0-SNAPSHOT/share/hadoop/tools/lib/commons-el-1.0.jar:/home/khalefa/hadoop-3.0.0-SNAPSHOT/share/hadoop/tools/lib/commons-httpclient-3.1.jar:/home/khalefa/hadoop-3.0.0-SNAPSHOT/share/hadoop/tools/lib/commons-io-2.4.jar:/home/khalefa/hadoop-3.0.0-SNAPSHOT/share/hadoop/tools/lib/commons-lang-2.6.jar:/home/khalefa/hadoop-3.0.0-SNAPSHOT/share/hadoop/tools/lib/commons-logging-1.1.3.jar:/home/khalefa/hadoop-3.0.0-SNAPSHOT/share/hadoop/tools/lib/commons-math3-3.1.1.jar:/home/khalefa/hadoop-3.0.0-SNAPSHOT/share/hadoop/tools/lib/commons-net-3.1.jar:/home/khalefa/hadoop-3.0.0-SNAPSHOT/share/hadoop/tools/lib/gson-2.2.4.jar:/home/khalefa/hadoop-3.0.0-SNAPSHOT/share/hadoop/tools/lib/guava-11.0.2.jar:/home/khalefa/hadoop-3.0.0-SNAPSHOT/share/hadoop/tools/lib/hadoop-archives-3.0.0-SNAPSHOT.jar:/home/khalefa/hadoop-3.0.0-SNAPSHOT/share/hadoop/tools/lib/hadoop-auth-3.0.0-SNAPSHOT.jar:/home/khalefa/hadoop-3.0.0-SNAPSHOT/share/hadoop/tools/lib/hadoop-datajoin-3.0.0-SNAPSHOT.jar:/home/khalefa/hadoop-3.0.0-SNAPSHOT/share/hadoop/tools/lib/hadoop-distcp-3.0.0-SNAPSHOT.jar:/home/khalefa/hadoop-3.0.0-SNAPSHOT/share/hadoop/tools/lib/hadoop-extras-3.0.0-SNAPSHOT.jar:/home/khalefa/hadoop-3.0.0-SNAPSHOT/share/hadoop/tools/lib/hadoop-gridmix-3.0.0-SNAPSHOT.jar:/home/khalefa/hadoop-3.0.0-SNAPSHOT/share/hadoop/tools/lib/hadoop-openstack-3.0.0-SNAPSHOT.jar:/home/khalefa/hadoop-3.0.0-SNAPSHOT/share/hadoop/tools/lib/hadoop-rumen-3.0.0-SNAPSHOT.jar:/home/khalefa/hadoop-3.0.0-SNAPSHOT/share/hadoop/tools/lib/hadoop-sls-3.0.0-SNAPSHOT.jar:/home/khalefa/hadoop-3.0.0-SNAPSHOT/share/hadoop/tools/lib/hadoop-streaming-3.0.0-SNAPSHOT.jar:/home/khalefa/hadoop-3.0.0-SNAPSHOT/share/hadoop/tools/lib/hamcrest-core-1.1.jar:/home/khalefa/hadoop-3.0.0-SNAPSHOT/share/hadoop/tools/lib/httpclient-4.2.5.jar:/home/khalefa/hadoop-3.0.0-SNAPSHOT/share/hadoop/tools/lib/httpcore-4.2.5.jar:/home/khalefa/hadoop-3.0.0-SNAPSHOT/share/hadoop/tools/lib/jackson-core-asl-1.8.8.jar:/home/khalefa/hadoop-3.0.0-SNAPSHOT/share/hadoop/tools/lib/jackson-jaxrs-1.8.8.jar:/home/khalefa/hadoop-3.0.0-SNAPSHOT/share/hadoop/tools/lib/jackson-mapper-asl-1.8.8.jar:/home/khalefa/hadoop-3.0.0-SNAPSHOT/share/hadoop/tools/lib/jackson-xc-1.8.8.jar:/home/khalefa/hadoop-3.0.0-SNAPSHOT/share/hadoop/tools/lib/jasper-compiler-5.5.23.jar:/home/khalefa/hadoop-3.0.0-SNAPSHOT/share/hadoop/tools/lib/jasper-runtime-5.5.23.jar:/home/khalefa/hadoop-3.0.0-SNAPSHOT/share/hadoop/tools/lib/java-xmlbuilder-0.4.jar:/home/khalefa/hadoop-3.0.0-SNAPSHOT/share/hadoop/tools/lib/jaxb-api-2.2.2.jar:/home/khalefa/hadoop-3.0.0-SNAPSHOT/share/hadoop/tools/lib/jaxb-impl-2.2.3-1.jar:/home/khalefa/hadoop-3.0.0-SNAPSHOT/share/hadoop/tools/lib/jersey-core-1.9.jar:/home/khalefa/hadoop-3.0.0-SNAPSHOT/share/hadoop/tools/lib/jersey-json-1.9.jar:/home/khalefa/hadoop-3.0.0-SNAPSHOT/share/hadoop/tools/lib/jersey-server-1.9.jar:/home/khalefa/hadoop-3.0.0-SNAPSHOT/share/hadoop/tools/lib/jets3t-0.9.0.jar:/home/khalefa/hadoop-3.0.0-SNAPSHOT/share/hadoop/tools/lib/jettison-1.1.jar:/home/khalefa/hadoop-3.0.0-SNAPSHOT/share/hadoop/tools/lib/jetty-6.1.26.jar:/home/khalefa/hadoop-3.0.0-SNAPSHOT/share/hadoop/tools/lib/jetty-util-6.1.26.jar:/home/khalefa/hadoop-3.0.0-SNAPSHOT/share/hadoop/tools/lib/jsch-0.1.42.jar:/home/khalefa/hadoop-3.0.0-SNAPSHOT/share/hadoop/tools/lib/jsp-api-2.1.jar:/home/khalefa/hadoop-3.0.0-SNAPSHOT/share/hadoop/tools/lib/jsr305-1.3.9.jar:/home/khalefa/hadoop-3.0.0-SNAPSHOT/share/hadoop/tools/lib/junit-4.10.jar:/home/khalefa/hadoop-3.0.0-SNAPSHOT/share/hadoop/tools/lib/log4j-1.2.17.jar:/home/khalefa/hadoop-3.0.0-SNAPSHOT/share/hadoop/tools/lib/metrics-core-3.0.0.jar:/home/khalefa/hadoop-3.0.0-SNAPSHOT/share/hadoop/tools/lib/paranamer-2.3.jar:/home/khalefa/hadoop-3.0.0-SNAPSHOT/share/hadoop/tools/lib/protobuf-java-2.5.0.jar:/home/khalefa/hadoop-3.0.0-SNAPSHOT/share/hadoop/tools/lib/servlet-api-2.5.jar:/home/khalefa/hadoop-3.0.0-SNAPSHOT/share/hadoop/tools/lib/snappy-java-1.0.4.1.jar:/home/khalefa/hadoop-3.0.0-SNAPSHOT/share/hadoop/tools/lib/stax-api-1.0.1.jar:/home/khalefa/hadoop-3.0.0-SNAPSHOT/share/hadoop/tools/lib/xmlenc-0.52.jar:/home/khalefa/hadoop-3.0.0-SNAPSHOT/share/hadoop/tools/lib/xz-1.0.jar:/home/khalefa/hadoop-3.0.0-SNAPSHOT/share/hadoop/tools/lib/zookeeper-3.4.5.jar:/home/khalefa/hadoop-3.0.0-SNAPSHOT/share/hadoop/tools/sources/hadoop-archives-3.0.0-SNAPSHOT-sources.jar:/home/khalefa/hadoop-3.0.0-SNAPSHOT/share/hadoop/tools/sources/hadoop-archives-3.0.0-SNAPSHOT-test-sources.jar:/home/khalefa/hadoop-3.0.0-SNAPSHOT/share/hadoop/tools/sources/hadoop-datajoin-3.0.0-SNAPSHOT-sources.jar:/home/khalefa/hadoop-3.0.0-SNAPSHOT/share/hadoop/tools/sources/hadoop-datajoin-3.0.0-SNAPSHOT-test-sources.jar:/home/khalefa/hadoop-3.0.0-SNAPSHOT/share/hadoop/tools/sources/hadoop-distcp-3.0.0-SNAPSHOT-sources.jar:/home/khalefa/hadoop-3.0.0-SNAPSHOT/share/hadoop/tools/sources/hadoop-distcp-3.0.0-SNAPSHOT-test-sources.jar:/home/khalefa/hadoop-3.0.0-SNAPSHOT/share/hadoop/tools/sources/hadoop-extras-3.0.0-SNAPSHOT-sources.jar:/home/khalefa/hadoop-3.0.0-SNAPSHOT/share/hadoop/tools/sources/hadoop-extras-3.0.0-SNAPSHOT-test-sources.jar:/home/khalefa/hadoop-3.0.0-SNAPSHOT/share/hadoop/tools/sources/hadoop-gridmix-3.0.0-SNAPSHOT-sources.jar:/home/khalefa/hadoop-3.0.0-SNAPSHOT/share/hadoop/tools/sources/hadoop-gridmix-3.0.0-SNAPSHOT-test-sources.jar:/home/khalefa/hadoop-3.0.0-SNAPSHOT/share/hadoop/tools/sources/hadoop-rumen-3.0.0-SNAPSHOT-sources.jar:/home/khalefa/hadoop-3.0.0-SNAPSHOT/share/hadoop/tools/sources/hadoop-rumen-3.0.0-SNAPSHOT-test-sources.jar:/home/khalefa/hadoop-3.0.0-SNAPSHOT/share/hadoop/tools/sources/hadoop-sls-3.0.0-SNAPSHOT-sources.jar:/home/khalefa/hadoop-3.0.0-SNAPSHOT/share/hadoop/tools/sources/hadoop-sls-3.0.0-SNAPSHOT-test-sources.jar:/home/khalefa/hadoop-3.0.0-SNAPSHOT/share/hadoop/tools/sources/hadoop-streaming-3.0.0-SNAPSHOT-sources.jar:/home/khalefa/hadoop-3.0.0-SNAPSHOT/share/hadoop/tools/sources/hadoop-streaming-3.0.0-SNAPSHOT-test-sources.jar:/home/khalefa/hadoop-3.0.0-SNAPSHOT/share/hadoop/yarn/hadoop-yarn-api-3.0.0-SNAPSHOT.jar:/home/khalefa/hadoop-3.0.0-SNAPSHOT/share/hadoop/yarn/hadoop-yarn-applications-distributedshell-3.0.0-SNAPSHOT.jar:/home/khalefa/hadoop-3.0.0-SNAPSHOT/share/hadoop/yarn/hadoop-yarn-applications-unmanaged-am-launcher-3.0.0-SNAPSHOT.jar:/home/khalefa/hadoop-3.0.0-SNAPSHOT/share/hadoop/yarn/hadoop-yarn-client-3.0.0-SNAPSHOT.jar:/home/khalefa/hadoop-3.0.0-SNAPSHOT/share/hadoop/yarn/hadoop-yarn-common-3.0.0-SNAPSHOT.jar:/home/khalefa/hadoop-3.0.0-SNAPSHOT/share/hadoop/yarn/hadoop-yarn-server-common-3.0.0-SNAPSHOT.jar:/home/khalefa/hadoop-3.0.0-SNAPSHOT/share/hadoop/yarn/hadoop-yarn-server-nodemanager-3.0.0-SNAPSHOT.jar:/home/khalefa/hadoop-3.0.0-SNAPSHOT/share/hadoop/yarn/hadoop-yarn-server-resourcemanager-3.0.0-SNAPSHOT.jar:/home/khalefa/hadoop-3.0.0-SNAPSHOT/share/hadoop/yarn/hadoop-yarn-server-tests-3.0.0-SNAPSHOT.jar:/home/khalefa/hadoop-3.0.0-SNAPSHOT/share/hadoop/yarn/hadoop-yarn-server-web-proxy-3.0.0-SNAPSHOT.jar:/home/khalefa/hadoop-3.0.0-SNAPSHOT/share/hadoop/yarn/hadoop-yarn-site-3.0.0-SNAPSHOT.jar:/home/khalefa/hadoop-3.0.0-SNAPSHOT/share/hadoop/yarn/lib-examples/hsqldb-2.0.0.jar:/home/khalefa/hadoop-3.0.0-SNAPSHOT/share/hadoop/yarn/lib/aopalliance-1.0.jar:/home/khalefa/hadoop-3.0.0-SNAPSHOT/share/hadoop/yarn/lib/asm-3.2.jar:/home/khalefa/hadoop-3.0.0-SNAPSHOT/share/hadoop/yarn/lib/avro-1.7.4.jar:/home/khalefa/hadoop-3.0.0-SNAPSHOT/share/hadoop/yarn/lib/cglib-2.2.jar:/home/khalefa/hadoop-3.0.0-SNAPSHOT/share/hadoop/yarn/lib/commons-compress-1.4.1.jar:/home/khalefa/hadoop-3.0.0-SNAPSHOT/share/hadoop/yarn/lib/commons-io-2.4.jar:/home/khalefa/hadoop-3.0.0-SNAPSHOT/share/hadoop/yarn/lib/guice-3.0.jar:/home/khalefa/hadoop-3.0.0-SNAPSHOT/share/hadoop/yarn/lib/guice-servlet-3.0.jar:/home/khalefa/hadoop-3.0.0-SNAPSHOT/share/hadoop/yarn/lib/hadoop-annotations-3.0.0-SNAPSHOT.jar:/home/khalefa/hadoop-3.0.0-SNAPSHOT/share/hadoop/yarn/lib/hamcrest-core-1.1.jar:/home/khalefa/hadoop-3.0.0-SNAPSHOT/share/hadoop/yarn/lib/jackson-core-asl-1.8.8.jar:/home/khalefa/hadoop-3.0.0-SNAPSHOT/share/hadoop/yarn/lib/jackson-mapper-asl-1.8.8.jar:/home/khalefa/hadoop-3.0.0-SNAPSHOT/share/hadoop/yarn/lib/javax.inject-1.jar:/home/khalefa/hadoop-3.0.0-SNAPSHOT/share/hadoop/yarn/lib/jersey-core-1.9.jar:/home/khalefa/hadoop-3.0.0-SNAPSHOT/share/hadoop/yarn/lib/jersey-guice-1.9.jar:/home/khalefa/hadoop-3.0.0-SNAPSHOT/share/hadoop/yarn/lib/jersey-server-1.9.jar:/home/khalefa/hadoop-3.0.0-SNAPSHOT/share/hadoop/yarn/lib/junit-4.10.jar:/home/khalefa/hadoop-3.0.0-SNAPSHOT/share/hadoop/yarn/lib/log4j-1.2.17.jar:/home/khalefa/hadoop-3.0.0-SNAPSHOT/share/hadoop/yarn/lib/netty-3.6.2.Final.jar:/home/khalefa/hadoop-3.0.0-SNAPSHOT/share/hadoop/yarn/lib/paranamer-2.3.jar:/home/khalefa/hadoop-3.0.0-SNAPSHOT/share/hadoop/yarn/lib/protobuf-java-2.5.0.jar:/home/khalefa/hadoop-3.0.0-SNAPSHOT/share/hadoop/yarn/lib/snappy-java-1.0.4.1.jar:/home/khalefa/hadoop-3.0.0-SNAPSHOT/share/hadoop/yarn/lib/xz-1.0.jar:/home/khalefa/hadoop-3.0.0-SNAPSHOT/share/hadoop/yarn/sources/hadoop-yarn-api-3.0.0-SNAPSHOT-sources.jar:/home/khalefa/hadoop-3.0.0-SNAPSHOT/share/hadoop/yarn/sources/hadoop-yarn-applications-distributedshell-3.0.0-SNAPSHOT-sources.jar:/home/khalefa/hadoop-3.0.0-SNAPSHOT/share/hadoop/yarn/sources/hadoop-yarn-applications-distributedshell-3.0.0-SNAPSHOT-test-sources.jar:/home/khalefa/hadoop-3.0.0-SNAPSHOT/share/hadoop/yarn/sources/hadoop-yarn-applications-unmanaged-am-launcher-3.0.0-SNAPSHOT-sources.jar:/home/khalefa/hadoop-3.0.0-SNAPSHOT/share/hadoop/yarn/sources/hadoop-yarn-applications-unmanaged-am-launcher-3.0.0-SNAPSHOT-test-sources.jar:/home/khalefa/hadoop-3.0.0-SNAPSHOT/share/hadoop/yarn/sources/hadoop-yarn-client-3.0.0-SNAPSHOT-sources.jar:/home/khalefa/hadoop-3.0.0-SNAPSHOT/share/hadoop/yarn/sources/hadoop-yarn-client-3.0.0-SNAPSHOT-test-sources.jar:/home/khalefa/hadoop-3.0.0-SNAPSHOT/share/hadoop/yarn/sources/hadoop-yarn-common-3.0.0-SNAPSHOT-sources.jar:/home/khalefa/hadoop-3.0.0-SNAPSHOT/share/hadoop/yarn/sources/hadoop-yarn-common-3.0.0-SNAPSHOT-test-sources.jar:/home/khalefa/hadoop-3.0.0-SNAPSHOT/share/hadoop/yarn/sources/hadoop-yarn-server-common-3.0.0-SNAPSHOT-sources.jar:/home/khalefa/hadoop-3.0.0-SNAPSHOT/share/hadoop/yarn/sources/hadoop-yarn-server-common-3.0.0-SNAPSHOT-test-sources.jar:/home/khalefa/hadoop-3.0.0-SNAPSHOT/share/hadoop/yarn/sources/hadoop-yarn-server-nodemanager-3.0.0-SNAPSHOT-sources.jar:/home/khalefa/hadoop-3.0.0-SNAPSHOT/share/hadoop/yarn/sources/hadoop-yarn-server-nodemanager-3.0.0-SNAPSHOT-test-sources.jar:/home/khalefa/hadoop-3.0.0-SNAPSHOT/share/hadoop/yarn/sources/hadoop-yarn-server-resourcemanager-3.0.0-SNAPSHOT-sources.jar:/home/khalefa/hadoop-3.0.0-SNAPSHOT/share/hadoop/yarn/sources/hadoop-yarn-server-resourcemanager-3.0.0-SNAPSHOT-test-sources.jar:/home/khalefa/hadoop-3.0.0-SNAPSHOT/share/hadoop/yarn/sources/hadoop-yarn-server-tests-3.0.0-SNAPSHOT-test-sources.jar:/home/khalefa/hadoop-3.0.0-SNAPSHOT/share/hadoop/yarn/sources/hadoop-yarn-server-web-proxy-3.0.0-SNAPSHOT-sources.jar:/home/khalefa/hadoop-3.0.0-SNAPSHOT/share/hadoop/yarn/sources/hadoop-yarn-server-web-proxy-3.0.0-SNAPSHOT-test-sources.jar:/home/khalefa/hadoop-3.0.0-SNAPSHOT/share/hadoop/yarn/test/hadoop-yarn-server-tests-3.0.0-SNAPSHOT-tests.jar:/home/khalefa/hadoop/SkyHadoop/build:/home/khalefa/hadoop/SkyHadoop/build/dist/skyhadoop.jar:/usr/share/ant/lib/junit.jar:/usr/share/java/ant-launcher-1.8.2.jar:/usr/share/ant/lib/ant.jar:/usr/share/ant/lib/ant-junit.jar:/usr/share/ant/lib/ant-junit4.jar" />
    <property name="ant.version" value="Apache Ant(TM) version 1.8.2 compiled on May 18 2012" />
    <property name="executable-full-path" value="/home/khalefa/hadoop/SkyHadoop/getversion" />
    <property name="java.vm.specification.name" value="Java Virtual Machine Specification" />
    <property name="ant.file.type" value="file" />
    <property name="java.vm.specification.version" value="1.7" />
    <property name="sun.cpu.endian" value="little" />
    <property name="sun.os.patch.level" value="unknown" />
    <property name="java.io.tmpdir" value="/tmp" />
    <property name="java.vendor.url.bug" value="http://bugreport.sun.com/bugreport/" />
    <property name="hadoop.lib" value="/home/khalefa/hadoop-3.0.0-SNAPSHOT/share/hadoop/common/lib" />
    <property name="os.arch" value="amd64" />
    <property name="java.awt.graphicsenv" value="sun.awt.X11GraphicsEnvironment" />
    <property name="java.ext.dirs" value="/usr/lib/jvm/java-7-openjdk-amd64/jre/lib/ext:/usr/java/packages/lib/ext" />
    <property name="user.dir" value="/home/khalefa/hadoop/SkyHadoop" />
    <property name="line.separator" value="&#xa;" />
    <property name="java.vm.name" value="OpenJDK 64-Bit Server VM" />
    <property name="basedir" value="/home/khalefa/hadoop/SkyHadoop" />
    <property name="ant.java.version" value="1.7" />
    <property name="ant.core.lib" value="/usr/share/ant/lib/ant.jar" />
    <property name="file.encoding" value="UTF-8" />
    <property name="java.specification.version" value="1.7" />
    <property name="src.dir" value="src" />
    <property name="ant.project.invoked-targets" value="test" />
    <property name="ant.file.skyhadoop" value="/home/khalefa/hadoop/SkyHadoop/build.xml" />
  </properties>
  <testcase classname="TestSkyline" name="test_point" time="0.012" />
  <testcase classname="TestSkyline" name="test_skyline" time="0.013" />
  <testcase classname="TestSkyline" name="test_dominates" time="0.002" />
  <testcase classname="TestSkyline" name="test_part" time="0.006" />
  <testcase classname="TestSkyline" name="test_skyline2" time="0.001" />
  <system-out><![CDATA[]]></system-out>
  <system-err><![CDATA[]]></system-err>
</testsuite>
